<?xml version="1.0" encoding="UTF-8"?>
<testng-results ignored="0" total="1" passed="1" failed="0" skipped="0">
  <reporter-output>
  </reporter-output>
  <suite started-at="2022-07-10T00:34:34 CEST" name="Practice Suite" finished-at="2022-07-10T00:34:40 CEST" duration-ms="5826">
    <groups>
      <group name="regression">
        <method signature="Login_rediff.test_Valid_login(java.util.Map)[pri:0, instance:Scenario_component.Login_rediff@22fcf7ab]" name="test_Valid_login" class="Scenario_component.Login_rediff"/>
      </group> <!-- regression -->
      <group name="smoke">
        <method signature="Login_rediff.test_Invalid_login(java.util.Map)[pri:0, instance:Scenario_component.Login_rediff@22fcf7ab]" name="test_Invalid_login" class="Scenario_component.Login_rediff"/>
        <method signature="Login_rediff.test_Valid_login(java.util.Map)[pri:0, instance:Scenario_component.Login_rediff@22fcf7ab]" name="test_Valid_login" class="Scenario_component.Login_rediff"/>
      </group> <!-- smoke -->
    </groups>
    <test started-at="2022-07-10T00:34:34 CEST" name="Regression1" finished-at="2022-07-10T00:34:40 CEST" duration-ms="5826">
      <class name="Scenario_component.Login_rediff">
        <test-method is-config="true" signature="reportExtent()[pri:0, instance:Scenario_component.Login_rediff@22fcf7ab]" started-at="2022-07-10T00:34:34 CEST" name="reportExtent" finished-at="2022-07-10T00:34:34 CEST" duration-ms="121" status="PASS">
          <reporter-output>
          </reporter-output>
        </test-method> <!-- reportExtent -->
        <test-method is-config="true" signature="runFirst()[pri:0, instance:Scenario_component.Login_rediff@22fcf7ab]" started-at="2022-07-10T00:34:34 CEST" name="runFirst" finished-at="2022-07-10T00:34:34 CEST" duration-ms="7" status="PASS">
          <reporter-output>
          </reporter-output>
        </test-method> <!-- runFirst -->
        <test-method is-config="true" signature="launchApp()[pri:0, instance:Scenario_component.Login_rediff@22fcf7ab]" started-at="2022-07-10T00:34:35 CEST" name="launchApp" finished-at="2022-07-10T00:34:38 CEST" duration-ms="2640" status="PASS">
          <reporter-output>
          </reporter-output>
        </test-method> <!-- launchApp -->
        <test-method signature="test_Invalid_login(java.util.Map)[pri:0, instance:Scenario_component.Login_rediff@22fcf7ab]" started-at="2022-07-10T00:34:38 CEST" name="test_Invalid_login" data-provider="dp_Invalidlogin" finished-at="2022-07-10T00:34:39 CEST" duration-ms="1865" status="PASS">
          <params>
            <param index="0">
              <value>
                <![CDATA[{UNAME=qtwor1, TC_ID=GB_01, ORDER_SET=1.0, SCRIPT_NAME=Invalid, EXECUTE_FLAG=Y, PWD=learn123, EXP_RESULT=Sorry we were unable to complete this step because :}]]>
              </value>
            </param>
          </params>
          <reporter-output>
          </reporter-output>
        </test-method> <!-- test_Invalid_login -->
        <test-method is-config="true" signature="teardown()[pri:0, instance:Scenario_component.Login_rediff@22fcf7ab]" started-at="2022-07-10T00:34:39 CEST" name="teardown" finished-at="2022-07-10T00:34:40 CEST" duration-ms="555" status="PASS">
          <reporter-output>
          </reporter-output>
        </test-method> <!-- teardown -->
        <test-method is-config="true" signature="runLast()[pri:0, instance:Scenario_component.Login_rediff@22fcf7ab]" started-at="2022-07-10T00:34:40 CEST" name="runLast" finished-at="2022-07-10T00:34:40 CEST" duration-ms="2" status="PASS">
          <reporter-output>
          </reporter-output>
        </test-method> <!-- runLast -->
      </class> <!-- Scenario_component.Login_rediff -->
    </test> <!-- Regression1 -->
  </suite> <!-- Practice Suite -->
</testng-results>
