<?xml version="1.0" encoding="UTF-8"?>
<testng-results ignored="0" total="1" passed="1" failed="0" skipped="0">
  <reporter-output>
  </reporter-output>
  <suite started-at="2022-05-13T13:59:18 IST" name="Default suite" finished-at="2022-05-13T13:59:23 IST" duration-ms="4803">
    <groups>
    </groups>
    <test started-at="2022-05-13T13:59:18 IST" name="Default test" finished-at="2022-05-13T13:59:23 IST" duration-ms="4803">
      <class name="Scenario_component.Search_rediff">
        <test-method is-config="true" signature="runFirst()[pri:0, instance:Scenario_component.Search_rediff@45b4c3a9]" started-at="2022-05-13T13:59:18 IST" name="runFirst" finished-at="2022-05-13T13:59:18 IST" duration-ms="7" status="PASS">
          <reporter-output>
          </reporter-output>
        </test-method> <!-- runFirst -->
        <test-method is-config="true" signature="launchApp()[pri:0, instance:Scenario_component.Search_rediff@45b4c3a9]" started-at="2022-05-13T13:59:19 IST" name="launchApp" finished-at="2022-05-13T13:59:22 IST" duration-ms="3335" status="PASS">
          <reporter-output>
          </reporter-output>
        </test-method> <!-- launchApp -->
        <test-method signature="test_ValidSearch(java.util.Map)[pri:0, instance:Scenario_component.Search_rediff@45b4c3a9]" started-at="2022-05-13T13:59:22 IST" name="test_ValidSearch" data-provider="dp_ValidSearch" finished-at="2022-05-13T13:59:23 IST" duration-ms="873" status="PASS">
          <params>
            <param index="0">
              <value>
                <![CDATA[{TC_ID=GB_04, ORDER_SET=1.0, SCRIPT_NAME=Valid_search, SEARCH_ITEM=game, EXECUTE_FLAG=Y, EXP_RESULT=491.0}]]>
              </value>
            </param>
          </params>
          <reporter-output>
          </reporter-output>
        </test-method> <!-- test_ValidSearch -->
        <test-method is-config="true" signature="teardown()[pri:0, instance:Scenario_component.Search_rediff@45b4c3a9]" started-at="2022-05-13T13:59:23 IST" name="teardown" finished-at="2022-05-13T13:59:23 IST" duration-ms="124" status="PASS">
          <reporter-output>
          </reporter-output>
        </test-method> <!-- teardown -->
        <test-method is-config="true" signature="runLast()[pri:0, instance:Scenario_component.Search_rediff@45b4c3a9]" started-at="2022-05-13T13:59:23 IST" name="runLast" finished-at="2022-05-13T13:59:23 IST" duration-ms="1" status="PASS">
          <reporter-output>
          </reporter-output>
        </test-method> <!-- runLast -->
      </class> <!-- Scenario_component.Search_rediff -->
    </test> <!-- Default test -->
  </suite> <!-- Default suite -->
</testng-results>
