<?xml version="1.0" encoding="UTF-8"?>
<!-- Generated by org.testng.reporters.JUnitXMLReporter -->
<testsuite ignored="0" hostname="DESKTOP-GHO9U30" failures="0" tests="6" name="Default test" time="0.446" errors="0" timestamp="2022-05-05T20:02:05 IST">
  <testcase classname="Day08.driver_dataProvider" name="add" time="0.005"/>
  <testcase classname="Day08.driver_dataProvider" name="add" time="0.001"/>
  <testcase classname="Day08.driver_dataProvider" name="add" time="0.001"/>
  <testcase classname="Day08.driver_dataProvider" name="add" time="0.001"/>
  <testcase classname="Day08.driver_dataProvider" name="add" time="0.001"/>
  <testcase classname="Day08.driver_dataProvider" name="add" time="0.0"/>
</testsuite> <!-- Default test -->
